#-----------------------------------------------------------
# Vivado v2020.1 (64-bit)
# SW Build 2902540 on Wed May 27 19:54:49 MDT 2020
# IP Build 2902112 on Wed May 27 22:43:36 MDT 2020
# Start of session at: Thu Mar 24 13:06:41 2022
# Process ID: 12156
# Current directory: D:/Documents/xkrato62/digital-electronics-1/labs/07-display_driver/display_driver
# Command line: vivado.exe -gui_launcher_event rodinguilauncherevent12276 D:\Documents\xkrato62\digital-electronics-1\labs\07-display_driver\display_driver\display_driver.xpr
# Log file: D:/Documents/xkrato62/digital-electronics-1/labs/07-display_driver/display_driver/vivado.log
# Journal file: D:/Documents/xkrato62/digital-electronics-1/labs/07-display_driver/display_driver\vivado.jou
#-----------------------------------------------------------
start_gui
open_project D:/Documents/xkrato62/digital-electronics-1/labs/07-display_driver/display_driver/display_driver.xpr
INFO: [ProjectBase 1-489] The host OS only allows 260 characters in a normal path. The project is stored in a path with more than 80 characters. If you experience issues with IP, Block Designs, or files not being found, please consider moving the project to a location with a shorter path. Alternately consider using the OS subst command to map part of the path to a drive letter.
Current project path is 'D:/Documents/xkrato62/digital-electronics-1/labs/07-display_driver/display_driver'
Scanning sources...
Finished scanning sources
INFO: [IP_Flow 19-234] Refreshing IP repositories
INFO: [IP_Flow 19-1704] No user IP repositories specified
INFO: [IP_Flow 19-2313] Loaded Vivado IP repository 'C:/APPZ/Xilinx/Vivado/2020.1/data/ip'.
open_project: Time (s): cpu = 00:00:09 ; elapsed = 00:00:05 . Memory (MB): peak = 1024.531 ; gain = 0.000
update_compile_order -fileset sources_1
set_property top driver_7seg_4digits [get_filesets sim_1]
set_property top_lib xil_defaultlib [get_filesets sim_1]
set_property top tb_driver_7seg_4digits [get_filesets sim_1]
set_property top_lib xil_defaultlib [get_filesets sim_1]
update_compile_order -fileset sim_1
launch_simulation
Command: launch_simulation 
INFO: [Vivado 12-5682] Launching behavioral simulation in 'D:/Documents/xkrato62/digital-electronics-1/labs/07-display_driver/display_driver/display_driver.sim/sim_1/behav/xsim'
INFO: [SIM-utils-51] Simulation object is 'sim_1'
INFO: [SIM-utils-54] Inspecting design source files for 'tb_driver_7seg_4digits' in fileset 'sim_1'...
INFO: [USF-XSim-97] Finding global include files...
INFO: [USF-XSim-98] Fetching design files from 'sim_1'...
INFO: [USF-XSim-2] XSim::Compile design
INFO: [USF-XSim-61] Executing 'COMPILE and ANALYZE' step in 'D:/Documents/xkrato62/digital-electronics-1/labs/07-display_driver/display_driver/display_driver.sim/sim_1/behav/xsim'
"xvhdl --incr --relax -prj tb_driver_7seg_4digits_vhdl.prj"
INFO: [VRFC 10-163] Analyzing VHDL file "D:/Documents/xkrato62/digital-electronics-1/labs/07-display_driver/display_driver/display_driver.srcs/sources_1/new/driver_7seg_4digits.vhd" into library xil_defaultlib
INFO: [VRFC 10-3107] analyzing entity 'driver_7seg_4digits'
INFO: [VRFC 10-163] Analyzing VHDL file "D:/Documents/xkrato62/digital-electronics-1/labs/07-display_driver/display_driver/display_driver.srcs/sim_1/new/tb_driver_7seg_4digits.vhd" into library xil_defaultlib
INFO: [VRFC 10-3107] analyzing entity 'tb_driver_7seg_4digits'
INFO: [USF-XSim-69] 'compile' step finished in '2' seconds
INFO: [USF-XSim-3] XSim::Elaborate design
INFO: [USF-XSim-61] Executing 'ELABORATE' step in 'D:/Documents/xkrato62/digital-electronics-1/labs/07-display_driver/display_driver/display_driver.sim/sim_1/behav/xsim'
"xelab -wto c32ce71b8505451995f862debf3bc628 --incr --debug typical --relax --mt 2 -L xil_defaultlib -L secureip --snapshot tb_driver_7seg_4digits_behav xil_defaultlib.tb_driver_7seg_4digits -log elaborate.log"
Vivado Simulator 2020.1
Copyright 1986-1999, 2001-2020 Xilinx, Inc. All Rights Reserved.
Running: C:/APPZ/Xilinx/Vivado/2020.1/bin/unwrapped/win64.o/xelab.exe -wto c32ce71b8505451995f862debf3bc628 --incr --debug typical --relax --mt 2 -L xil_defaultlib -L secureip --snapshot tb_driver_7seg_4digits_behav xil_defaultlib.tb_driver_7seg_4digits -log elaborate.log 
Using 2 slave threads.
Starting static elaboration
Completed static elaboration
Starting simulation data flow analysis
Completed simulation data flow analysis
Time Resolution for simulation is 1ps
Compiling package std.standard
Compiling package std.textio
Compiling package ieee.std_logic_1164
Compiling package ieee.numeric_std
Compiling architecture behavioral of entity xil_defaultlib.clock_enable [\clock_enable(g_max=4)\]
Compiling architecture behavioral of entity xil_defaultlib.cnt_up_down [\cnt_up_down(g_cnt_width=2)\]
Compiling architecture behavioral of entity xil_defaultlib.hex_7seg [hex_7seg_default]
Compiling architecture behavioral of entity xil_defaultlib.driver_7seg_4digits [driver_7seg_4digits_default]
Compiling architecture testbench of entity xil_defaultlib.tb_driver_7seg_4digits
Built simulation snapshot tb_driver_7seg_4digits_behav
INFO: [USF-XSim-69] 'elaborate' step finished in '2' seconds
INFO: [USF-XSim-4] XSim::Simulate design
INFO: [USF-XSim-61] Executing 'SIMULATE' step in 'D:/Documents/xkrato62/digital-electronics-1/labs/07-display_driver/display_driver/display_driver.sim/sim_1/behav/xsim'
INFO: [USF-XSim-98] *** Running xsim
   with args "tb_driver_7seg_4digits_behav -key {Behavioral:sim_1:Functional:tb_driver_7seg_4digits} -tclbatch {tb_driver_7seg_4digits.tcl} -log {simulate.log}"
INFO: [USF-XSim-8] Loading simulator feature
Vivado Simulator 2020.1
Time resolution is 1 ps
source tb_driver_7seg_4digits.tcl
# set curr_wave [current_wave_config]
# if { [string length $curr_wave] == 0 } {
#   if { [llength [get_objects]] > 0} {
#     add_wave /
#     set_property needs_save false [current_wave_config]
#   } else {
#      send_msg_id Add_Wave-1 WARNING "No top level signals found. Simulator will start without a wave window. If you want to open a wave window go to 'File->New Waveform Configuration' or type 'create_wave_config' in the TCL console."
#   }
# }
# run 1000ns
Note: Stimulus process started
Time: 0 ps  Iteration: 0  Process: /tb_driver_7seg_4digits/p_stimulus  File: D:/Documents/xkrato62/digital-electronics-1/labs/07-display_driver/display_driver/display_driver.srcs/sim_1/new/tb_driver_7seg_4digits.vhd
Note: Stimulus process finished
Time: 0 ps  Iteration: 0  Process: /tb_driver_7seg_4digits/p_stimulus  File: D:/Documents/xkrato62/digital-electronics-1/labs/07-display_driver/display_driver/display_driver.srcs/sim_1/new/tb_driver_7seg_4digits.vhd
INFO: [USF-XSim-96] XSim completed. Design snapshot 'tb_driver_7seg_4digits_behav' loaded.
INFO: [USF-XSim-97] XSim simulation ran for 1000ns
launch_simulation: Time (s): cpu = 00:00:06 ; elapsed = 00:00:08 . Memory (MB): peak = 1024.531 ; gain = 0.000
reset_run synth_1
WARNING: [Vivado 12-1017] Problems encountered:
1. Failed to delete one or more files in run directory D:/Documents/xkrato62/digital-electronics-1/labs/07-display_driver/display_driver/display_driver.runs/synth_1

launch_runs impl_1 -to_step write_bitstream -jobs 2
[Thu Mar 24 14:35:16 2022] Launched synth_1...
Run output will be captured here: D:/Documents/xkrato62/digital-electronics-1/labs/07-display_driver/display_driver/display_driver.runs/synth_1/runme.log
[Thu Mar 24 14:35:16 2022] Launched impl_1...
Run output will be captured here: D:/Documents/xkrato62/digital-electronics-1/labs/07-display_driver/display_driver/display_driver.runs/impl_1/runme.log
reset_run synth_1
WARNING: [Vivado 12-1017] Problems encountered:
1. Failed to delete one or more files in run directory D:/Documents/xkrato62/digital-electronics-1/labs/07-display_driver/display_driver/display_driver.runs/synth_1

launch_runs impl_1 -to_step write_bitstream -jobs 4
[Thu Mar 24 14:42:04 2022] Launched synth_1...
Run output will be captured here: D:/Documents/xkrato62/digital-electronics-1/labs/07-display_driver/display_driver/display_driver.runs/synth_1/runme.log
[Thu Mar 24 14:42:04 2022] Launched impl_1...
Run output will be captured here: D:/Documents/xkrato62/digital-electronics-1/labs/07-display_driver/display_driver/display_driver.runs/impl_1/runme.log
set_property top top [get_filesets sim_1]
set_property top_lib xil_defaultlib [get_filesets sim_1]
update_compile_order -fileset sim_1
reset_run synth_1
WARNING: [Vivado 12-1017] Problems encountered:
1. Failed to delete one or more files in run directory D:/Documents/xkrato62/digital-electronics-1/labs/07-display_driver/display_driver/display_driver.runs/synth_1

launch_runs impl_1 -to_step write_bitstream -jobs 4
[Thu Mar 24 14:44:36 2022] Launched synth_1...
Run output will be captured here: D:/Documents/xkrato62/digital-electronics-1/labs/07-display_driver/display_driver/display_driver.runs/synth_1/runme.log
[Thu Mar 24 14:44:36 2022] Launched impl_1...
Run output will be captured here: D:/Documents/xkrato62/digital-electronics-1/labs/07-display_driver/display_driver/display_driver.runs/impl_1/runme.log
close_sim
INFO: [Simtcl 6-16] Simulation closed
exit
INFO: [Common 17-206] Exiting Vivado at Thu Mar 24 14:48:10 2022...
